[LOG] System::create                           : Header version = 2.02.07. Current version = 2.02.07.
[LOG] Manager::init                            : maxchannels = 256 studioflags = 00000006 flags 00000000 extradriverdata 0000000000000000.
[LOG] SystemI::init                            : Initialize version=20207 (125130), maxchannels=256, flags=0x00020000
[LOG] SystemI::setOutputInternal               : Setting output to 'FMOD WASAPI Output'
[LOG] OutputWASAPI::init                       : Mix Format (WAVEFORMATEX): wFormatTag=0xFFFE, nChannels=2, nSamplesPerSec=48000, nAvgBytesPerSec=384000, nBlockAlign=8, wBitsPerSample=32, cbSize=22.
[LOG] OutputWASAPI::init                       : Mix Format (WAVEFORMATEXTENSIBLE): wValidBitsPerSample=32, dwChannelMask=0x00000003, SubFormat=00000003-0000-0010-8000-00AA00389B71.
[LOG] OutputWASAPI::init                       : Output buffer size: 4096 samples, latency: 0.00ms, period: 10.00ms, DSP buffer: 1024 * 4
[LOG] Thread::initThread                       : Init FMOD stream thread. Affinity: 0x4000000000000003, Priority: 0xFFFF7FFB, Stack Size: 98304, Semaphore: No, Sleep Time: 10, Looping: Yes.
[LOG] Thread::initThread                       : Init FMOD mixer thread. Affinity: 0x4000000000000001, Priority: 0xFFFF7FFA, Stack Size: 81920, Semaphore: No, Sleep Time: 0, Looping: Yes.
[LOG] AsyncManager::init                       : manager 0000025087B9AD18 isAsync 0 updatePeriod 0.02
[LOG] AsyncManager::init                       : done
[LOG] PlaybackSystem::init                     : 
[LOG] Thread::initThread                       : Init FMOD Studio sample load thread. Affinity: 0x4000000000000003, Priority: 0xFFFF7FFD, Stack Size: 98304, Semaphore: No, Sleep Time: 1, Looping: No.
[LOG] PlaybackSystem::init                     : done
[LOG] Thread::initThread                       : Init FMOD Studio bank load thread. Affinity: 0x4000000000000003, Priority: 0xFFFF7FFD, Stack Size: 98304, Semaphore: No, Sleep Time: 1, Looping: No.
[LOG] Manager::init                            : done.
[LOG] Manager::readBank                        : fileversion = 141, compatVersion = 140 (oldest = 44, newest = 142)
[LOG] Manager::readBank                        : fileversion = 141, compatVersion = 140 (oldest = 44, newest = 142)
[LOG] Manager::readBank                        : fileversion = 141, compatVersion = 140 (oldest = 44, newest = 142)
[LOG] Manager::readBank                        : fileversion = 141, compatVersion = 140 (oldest = 44, newest = 142)
[LOG] PlaybackSystem::acquireMasterBus         : Setting master channel group format to 6
[LOG] Manager::readBank                        : fileversion = 141, compatVersion = 140 (oldest = 44, newest = 142)
[LOG] Manager::readBank                        : fileversion = 141, compatVersion = 140 (oldest = 44, newest = 142)
[LOG] SystemI::createSoundInternal             : Create name='', mode=0x02000202
[LOG] SystemI::createSoundInternal             : exinfo->cbsize             = 224
[LOG] SystemI::createSoundInternal             : exinfo->length             = 316576
[LOG] SystemI::createSoundInternal             : exinfo->fileoffset         = 10464
[LOG] SystemI::createSoundInternal             : exinfo->numsubsounds       = 1
[LOG] SystemI::createSoundInternal             : exinfo->inclusionlist      = 000000DC226FF378
[LOG] SystemI::createSoundInternal             : exinfo->inclusionlistnum   = 1
[LOG] SystemI::createSoundInternal             : exinfo->suggestedsoundtype = 5
[LOG] SystemI::createSoundInternal             : exinfo->useropen           = 00007FF885E746D0
[LOG] SystemI::createSoundInternal             : exinfo->userclose          = 00007FF885E746A0
[LOG] SystemI::createSoundInternal             : exinfo->userread           = 00007FF885E747A0
[LOG] SystemI::createSoundInternal             : exinfo->userseek           = 00007FF885E74860
[LOG] SystemI::createSoundInternal             : exinfo->fileuserdata       = 00000250CA0B3FC8
[LOG] SystemI::createSoundInternal             : exinfo->initialseekpostype = 1
[LOG] SystemI::DSPCodecPoolRegister            : register codec pool for pool type 5
[LOG] SystemI::createSoundInternal             : Sample 0/1: name='Monster_Footstep_2_1', format=5, channels=2, frequency=48000, lengthbytes=6208, lengthpcm=29868, pcmblocksize=0, loopstart=0, loopend=0, mode=0x00000000, channelmask=0x00000000, channelorder=0, peakvolume=0.157966.
[LOG] SystemI::createSoundInternal             : Create name='', mode=0x02000202
[LOG] SystemI::createSoundInternal             : exinfo->cbsize             = 224
[LOG] SystemI::createSoundInternal             : exinfo->length             = 316576
[LOG] SystemI::createSoundInternal             : exinfo->fileoffset         = 10464
[LOG] SystemI::createSoundInternal             : exinfo->numsubsounds       = 1
[LOG] SystemI::createSoundInternal             : exinfo->inclusionlist      = 000000DC226FF378
[LOG] SystemI::createSoundInternal             : exinfo->inclusionlistnum   = 1
[LOG] SystemI::createSoundInternal             : exinfo->suggestedsoundtype = 5
[LOG] SystemI::createSoundInternal             : exinfo->useropen           = 00007FF885E746D0
[LOG] SystemI::createSoundInternal             : exinfo->userclose          = 00007FF885E746A0
[LOG] SystemI::createSoundInternal             : exinfo->userread           = 00007FF885E747A0
[LOG] SystemI::createSoundInternal             : exinfo->userseek           = 00007FF885E74860
[LOG] SystemI::createSoundInternal             : exinfo->fileuserdata       = 00000250CA0B3FC8
[LOG] SystemI::createSoundInternal             : exinfo->initialseekpostype = 1
[LOG] SystemI::DSPCodecPoolRegister            : register codec pool for pool type 5
[LOG] SystemI::createSoundInternal             : Sample 0/1: name='Monster_Footstep_2_6', format=5, channels=2, frequency=48000, lengthbytes=6560, lengthpcm=32741, pcmblocksize=0, loopstart=0, loopend=0, mode=0x00000000, channelmask=0x00000000, channelorder=0, peakvolume=0.355550.
[LOG] SystemI::createSoundInternal             : Create name='', mode=0x02000202
[LOG] SystemI::createSoundInternal             : exinfo->cbsize             = 224
[LOG] SystemI::createSoundInternal             : exinfo->length             = 316576
[LOG] SystemI::createSoundInternal             : exinfo->fileoffset         = 10464
[LOG] SystemI::createSoundInternal             : exinfo->numsubsounds       = 1
[LOG] SystemI::createSoundInternal             : exinfo->inclusionlist      = 000000DC226FF378
[LOG] SystemI::createSoundInternal             : exinfo->inclusionlistnum   = 1
[LOG] SystemI::createSoundInternal             : exinfo->suggestedsoundtype = 5
[LOG] SystemI::createSoundInternal             : exinfo->useropen           = 00007FF885E746D0
[LOG] SystemI::createSoundInternal             : exinfo->userclose          = 00007FF885E746A0
[LOG] SystemI::createSoundInternal             : exinfo->userread           = 00007FF885E747A0
[LOG] SystemI::createSoundInternal             : exinfo->userseek           = 00007FF885E74860
[LOG] SystemI::createSoundInternal             : exinfo->fileuserdata       = 00000250CA0B3FC8
[LOG] SystemI::createSoundInternal             : exinfo->initialseekpostype = 1
[LOG] SystemI::DSPCodecPoolRegister            : register codec pool for pool type 5
[LOG] SystemI::createSoundInternal             : Sample 0/1: name='Monster_Footstep_1_4', format=5, channels=2, frequency=48000, lengthbytes=5792, lengthpcm=31587, pcmblocksize=0, loopstart=0, loopend=0, mode=0x00000000, channelmask=0x00000000, channelorder=0, peakvolume=0.175880.
[LOG] SystemI::createSoundInternal             : Create name='', mode=0x02000202
[LOG] SystemI::createSoundInternal             : exinfo->cbsize             = 224
[LOG] SystemI::createSoundInternal             : exinfo->length             = 316576
[LOG] SystemI::createSoundInternal             : exinfo->fileoffset         = 10464
[LOG] SystemI::createSoundInternal             : exinfo->numsubsounds       = 1
[LOG] SystemI::createSoundInternal             : exinfo->inclusionlist      = 000000DC226FF378
[LOG] SystemI::createSoundInternal             : exinfo->inclusionlistnum   = 1
[LOG] SystemI::createSoundInternal             : exinfo->suggestedsoundtype = 5
[LOG] SystemI::createSoundInternal             : exinfo->useropen           = 00007FF885E746D0
[LOG] SystemI::createSoundInternal             : exinfo->userclose          = 00007FF885E746A0
[LOG] SystemI::createSoundInternal             : exinfo->userread           = 00007FF885E747A0
[LOG] SystemI::createSoundInternal             : exinfo->userseek           = 00007FF885E74860
[LOG] SystemI::createSoundInternal             : exinfo->fileuserdata       = 00000250CA0B3FC8
[LOG] SystemI::createSoundInternal             : exinfo->initialseekpostype = 1
[LOG] SystemI::DSPCodecPoolRegister            : register codec pool for pool type 5
[LOG] SystemI::createSoundInternal             : Sample 0/1: name='Monster_Footstep_2_5', format=5, channels=2, frequency=48000, lengthbytes=6176, lengthpcm=31586, pcmblocksize=0, loopstart=0, loopend=0, mode=0x00000000, channelmask=0x00000000, channelorder=0, peakvolume=0.118726.
[LOG] SystemI::createSoundInternal             : Create name='', mode=0x02000202
[LOG] SystemI::createSoundInternal             : exinfo->cbsize             = 224
[LOG] SystemI::createSoundInternal             : exinfo->length             = 316576
[LOG] SystemI::createSoundInternal             : exinfo->fileoffset         = 10464
[LOG] SystemI::createSoundInternal             : exinfo->numsubsounds       = 1
[LOG] SystemI::createSoundInternal             : exinfo->inclusionlist      = 000000DC226FF378
[LOG] SystemI::createSoundInternal             : exinfo->inclusionlistnum   = 1
[LOG] SystemI::createSoundInternal             : exinfo->suggestedsoundtype = 5
[LOG] SystemI::createSoundInternal             : exinfo->useropen           = 00007FF885E746D0
[LOG] SystemI::createSoundInternal             : exinfo->userclose          = 00007FF885E746A0
[LOG] SystemI::createSoundInternal             : exinfo->userread           = 00007FF885E747A0
[LOG] SystemI::createSoundInternal             : exinfo->userseek           = 00007FF885E74860
[LOG] SystemI::createSoundInternal             : exinfo->fileuserdata       = 00000250CA0B3FC8
[LOG] SystemI::createSoundInternal             : exinfo->initialseekpostype = 1
[LOG] SystemI::DSPCodecPoolRegister            : register codec pool for pool type 5
[LOG] SystemI::createSoundInternal             : Sample 0/1: name='Monster_Footstep_2_4', format=5, channels=2, frequency=48000, lengthbytes=6816, lengthpcm=32288, pcmblocksize=0, loopstart=0, loopend=0, mode=0x00000000, channelmask=0x00000000, channelorder=0, peakvolume=0.187126.
[LOG] SystemI::createSoundInternal             : Create name='', mode=0x02000202
[LOG] SystemI::createSoundInternal             : exinfo->cbsize             = 224
[LOG] SystemI::createSoundInternal             : exinfo->length             = 316576
[LOG] SystemI::createSoundInternal             : exinfo->fileoffset         = 10464
[LOG] SystemI::createSoundInternal             : exinfo->numsubsounds       = 1
[LOG] SystemI::createSoundInternal             : exinfo->inclusionlist      = 000000DC226FF378
[LOG] SystemI::createSoundInternal             : exinfo->inclusionlistnum   = 1
[LOG] SystemI::createSoundInternal             : exinfo->suggestedsoundtype = 5
[LOG] SystemI::createSoundInternal             : exinfo->useropen           = 00007FF885E746D0
[LOG] SystemI::createSoundInternal             : exinfo->userclose          = 00007FF885E746A0
[LOG] SystemI::createSoundInternal             : exinfo->userread           = 00007FF885E747A0
[LOG] SystemI::createSoundInternal             : exinfo->userseek           = 00007FF885E74860
[LOG] SystemI::createSoundInternal             : exinfo->fileuserdata       = 00000250CA0B3FC8
[LOG] SystemI::createSoundInternal             : exinfo->initialseekpostype = 1
[LOG] SystemI::DSPCodecPoolRegister            : register codec pool for pool type 5
[LOG] SystemI::createSoundInternal             : Sample 0/1: name='Monster_Footstep_1_2', format=5, channels=2, frequency=48000, lengthbytes=6176, lengthpcm=33732, pcmblocksize=0, loopstart=0, loopend=0, mode=0x00000000, channelmask=0x00000000, channelorder=0, peakvolume=0.214368.
[LOG] SystemI::createSoundInternal             : Create name='', mode=0x02000202
[LOG] SystemI::createSoundInternal             : exinfo->cbsize             = 224
[LOG] SystemI::createSoundInternal             : exinfo->length             = 316576
[LOG] SystemI::createSoundInternal             : exinfo->fileoffset         = 10464
[LOG] SystemI::createSoundInternal             : exinfo->numsubsounds       = 1
[LOG] SystemI::createSoundInternal             : exinfo->inclusionlist      = 000000DC226FF378
[LOG] SystemI::createSoundInternal             : exinfo->inclusionlistnum   = 1
[LOG] SystemI::createSoundInternal             : exinfo->suggestedsoundtype = 5
[LOG] SystemI::createSoundInternal             : exinfo->useropen           = 00007FF885E746D0
[LOG] SystemI::createSoundInternal             : exinfo->userclose          = 00007FF885E746A0
[LOG] SystemI::createSoundInternal             : exinfo->userread           = 00007FF885E747A0
[LOG] SystemI::createSoundInternal             : exinfo->userseek           = 00007FF885E74860
[LOG] SystemI::createSoundInternal             : exinfo->fileuserdata       = 00000250CA0B3FC8
[LOG] SystemI::createSoundInternal             : exinfo->initialseekpostype = 1
[LOG] SystemI::DSPCodecPoolRegister            : register codec pool for pool type 5
[LOG] SystemI::createSoundInternal             : Sample 0/1: name='Monster_Footstep_2_2', format=5, channels=2, frequency=48000, lengthbytes=6112, lengthpcm=29413, pcmblocksize=0, loopstart=0, loopend=0, mode=0x00000000, channelmask=0x00000000, channelorder=0, peakvolume=0.142053.
[LOG] SystemI::createSoundInternal             : Create name='', mode=0x02000202
[LOG] SystemI::createSoundInternal             : exinfo->cbsize             = 224
[LOG] SystemI::createSoundInternal             : exinfo->length             = 316576
[LOG] SystemI::createSoundInternal             : exinfo->fileoffset         = 10464
[LOG] SystemI::createSoundInternal             : exinfo->numsubsounds       = 1
[LOG] SystemI::createSoundInternal             : exinfo->inclusionlist      = 000000DC226FF378
[LOG] SystemI::createSoundInternal             : exinfo->inclusionlistnum   = 1
[LOG] SystemI::createSoundInternal             : exinfo->suggestedsoundtype = 5
[LOG] SystemI::createSoundInternal             : exinfo->useropen           = 00007FF885E746D0
[LOG] SystemI::createSoundInternal             : exinfo->userclose          = 00007FF885E746A0
[LOG] SystemI::createSoundInternal             : exinfo->userread           = 00007FF885E747A0
[LOG] SystemI::createSoundInternal             : exinfo->userseek           = 00007FF885E74860
[LOG] SystemI::createSoundInternal             : exinfo->fileuserdata       = 00000250CA0B3FC8
[LOG] SystemI::createSoundInternal             : exinfo->initialseekpostype = 1
[LOG] SystemI::DSPCodecPoolRegister            : register codec pool for pool type 5
[LOG] SystemI::createSoundInternal             : Sample 0/1: name='Monster_Footstep_1_5', format=5, channels=2, frequency=48000, lengthbytes=7232, lengthpcm=39908, pcmblocksize=0, loopstart=0, loopend=0, mode=0x00000000, channelmask=0x00000000, channelorder=0, peakvolume=0.352863.
[LOG] SystemI::createSoundInternal             : Create name='', mode=0x02000202
[LOG] SystemI::createSoundInternal             : exinfo->cbsize             = 224
[LOG] SystemI::createSoundInternal             : exinfo->length             = 316576
[LOG] SystemI::createSoundInternal             : exinfo->fileoffset         = 10464
[LOG] SystemI::createSoundInternal             : exinfo->numsubsounds       = 1
[LOG] SystemI::createSoundInternal             : exinfo->inclusionlist      = 000000DC226FF378
[LOG] SystemI::createSoundInternal             : exinfo->inclusionlistnum   = 1
[LOG] SystemI::createSoundInternal             : exinfo->suggestedsoundtype = 5
[LOG] SystemI::createSoundInternal             : exinfo->useropen           = 00007FF885E746D0
[LOG] SystemI::createSoundInternal             : exinfo->userclose          = 00007FF885E746A0
[LOG] SystemI::createSoundInternal             : exinfo->userread           = 00007FF885E747A0
[LOG] SystemI::createSoundInternal             : exinfo->userseek           = 00007FF885E74860
[LOG] SystemI::createSoundInternal             : exinfo->fileuserdata       = 00000250CA0B3FC8
[LOG] SystemI::createSoundInternal             : exinfo->initialseekpostype = 1
[LOG] SystemI::DSPCodecPoolRegister            : register codec pool for pool type 5
[LOG] SystemI::createSoundInternal             : Sample 0/1: name='Monster_Footstep_1_3', format=5, channels=2, frequency=48000, lengthbytes=6496, lengthpcm=35795, pcmblocksize=0, loopstart=0, loopend=0, mode=0x00000000, channelmask=0x00000000, channelorder=0, peakvolume=0.163518.
[LOG] SystemI::createSoundInternal             : Create name='', mode=0x02000202
[LOG] SystemI::createSoundInternal             : exinfo->cbsize             = 224
[LOG] SystemI::createSoundInternal             : exinfo->length             = 316576
[LOG] SystemI::createSoundInternal             : exinfo->fileoffset         = 10464
[LOG] SystemI::createSoundInternal             : exinfo->numsubsounds       = 1
[LOG] SystemI::createSoundInternal             : exinfo->inclusionlist      = 000000DC226FF378
[LOG] SystemI::createSoundInternal             : exinfo->inclusionlistnum   = 1
[LOG] SystemI::createSoundInternal             : exinfo->suggestedsoundtype = 5
[LOG] SystemI::createSoundInternal             : exinfo->useropen           = 00007FF885E746D0
[LOG] SystemI::createSoundInternal             : exinfo->userclose          = 00007FF885E746A0
[LOG] SystemI::createSoundInternal             : exinfo->userread           = 00007FF885E747A0
[LOG] SystemI::createSoundInternal             : exinfo->userseek           = 00007FF885E74860
[LOG] SystemI::createSoundInternal             : exinfo->fileuserdata       = 00000250CA0B3FC8
[LOG] SystemI::createSoundInternal             : exinfo->initialseekpostype = 1
[LOG] SystemI::DSPCodecPoolRegister            : register codec pool for pool type 5
[LOG] SystemI::createSoundInternal             : Sample 0/1: name='Monster_Footstep_1_6', format=5, channels=2, frequency=48000, lengthbytes=3392, lengthpcm=22590, pcmblocksize=0, loopstart=0, loopend=0, mode=0x00000000, channelmask=0x00000000, channelorder=0, peakvolume=0.265925.
[LOG] SystemI::createSoundInternal             : Create name='', mode=0x02000202
[LOG] SystemI::createSoundInternal             : exinfo->cbsize             = 224
[LOG] SystemI::createSoundInternal             : exinfo->length             = 316576
[LOG] SystemI::createSoundInternal             : exinfo->fileoffset         = 10464
[LOG] SystemI::createSoundInternal             : exinfo->numsubsounds       = 1
[LOG] SystemI::createSoundInternal             : exinfo->inclusionlist      = 000000DC226FF378
[LOG] SystemI::createSoundInternal             : exinfo->inclusionlistnum   = 1
[LOG] SystemI::createSoundInternal             : exinfo->suggestedsoundtype = 5
[LOG] SystemI::createSoundInternal             : exinfo->useropen           = 00007FF885E746D0
[LOG] SystemI::createSoundInternal             : exinfo->userclose          = 00007FF885E746A0
[LOG] SystemI::createSoundInternal             : exinfo->userread           = 00007FF885E747A0
[LOG] SystemI::createSoundInternal             : exinfo->userseek           = 00007FF885E74860
[LOG] SystemI::createSoundInternal             : exinfo->fileuserdata       = 00000250CA0B3FC8
[LOG] SystemI::createSoundInternal             : exinfo->initialseekpostype = 1
[LOG] SystemI::DSPCodecPoolRegister            : register codec pool for pool type 5
[LOG] SystemI::createSoundInternal             : Sample 0/1: name='Monster_Footstep_1_1', format=5, channels=2, frequency=48000, lengthbytes=7136, lengthpcm=38630, pcmblocksize=0, loopstart=0, loopend=0, mode=0x00000000, channelmask=0x00000000, channelorder=0, peakvolume=0.232915.
[LOG] SystemI::createSoundInternal             : Create name='', mode=0x02000202
[LOG] SystemI::createSoundInternal             : exinfo->cbsize             = 224
[LOG] SystemI::createSoundInternal             : exinfo->length             = 316576
[LOG] SystemI::createSoundInternal             : exinfo->fileoffset         = 10464
[LOG] SystemI::createSoundInternal             : exinfo->numsubsounds       = 1
[LOG] SystemI::createSoundInternal             : exinfo->inclusionlist      = 000000DC226FF378
[LOG] SystemI::createSoundInternal             : exinfo->inclusionlistnum   = 1
[LOG] SystemI::createSoundInternal             : exinfo->suggestedsoundtype = 5
[LOG] SystemI::createSoundInternal             : exinfo->useropen           = 00007FF885E746D0
[LOG] SystemI::createSoundInternal             : exinfo->userclose          = 00007FF885E746A0
[LOG] SystemI::createSoundInternal             : exinfo->userread           = 00007FF885E747A0
[LOG] SystemI::createSoundInternal             : exinfo->userseek           = 00007FF885E74860
[LOG] SystemI::createSoundInternal             : exinfo->fileuserdata       = 00000250CA0B3FC8
[LOG] SystemI::createSoundInternal             : exinfo->initialseekpostype = 1
[LOG] SystemI::DSPCodecPoolRegister            : register codec pool for pool type 5
[LOG] SystemI::createSoundInternal             : Sample 0/1: name='Monster_Footstep_2_3', format=5, channels=2, frequency=48000, lengthbytes=6400, lengthpcm=30931, pcmblocksize=0, loopstart=0, loopend=0, mode=0x00000000, channelmask=0x00000000, channelorder=0, peakvolume=0.398223.
[LOG] SystemI::createSoundInternal             : Create name='', mode=0x02000202
[LOG] SystemI::createSoundInternal             : exinfo->cbsize             = 224
[LOG] SystemI::createSoundInternal             : exinfo->length             = 308384
[LOG] SystemI::createSoundInternal             : exinfo->fileoffset         = 29088
[LOG] SystemI::createSoundInternal             : exinfo->numsubsounds       = 1
[LOG] SystemI::createSoundInternal             : exinfo->inclusionlist      = 000000DC226FF378
[LOG] SystemI::createSoundInternal             : exinfo->inclusionlistnum   = 1
[LOG] SystemI::createSoundInternal             : exinfo->suggestedsoundtype = 5
[LOG] SystemI::createSoundInternal             : exinfo->useropen           = 00007FF885E746D0
[LOG] SystemI::createSoundInternal             : exinfo->userclose          = 00007FF885E746A0
[LOG] SystemI::createSoundInternal             : exinfo->userread           = 00007FF885E747A0
[LOG] SystemI::createSoundInternal             : exinfo->userseek           = 00007FF885E74860
[LOG] SystemI::createSoundInternal             : exinfo->fileuserdata       = 00000250CA0B1268
[LOG] SystemI::createSoundInternal             : exinfo->initialseekpostype = 1
[LOG] SystemI::DSPCodecPoolRegister            : register codec pool for pool type 5
[LOG] SystemI::createSoundInternal             : Sample 0/1: name='Player_Lighter_On_02', format=5, channels=2, frequency=48000, lengthbytes=2272, lengthpcm=17780, pcmblocksize=0, loopstart=0, loopend=0, mode=0x00000000, channelmask=0x00000000, channelorder=0, peakvolume=0.745216.
[LOG] SystemI::createSoundInternal             : Create name='', mode=0x02000202
[LOG] SystemI::createSoundInternal             : exinfo->cbsize             = 224
[LOG] SystemI::createSoundInternal             : exinfo->length             = 308384
[LOG] SystemI::createSoundInternal             : exinfo->fileoffset         = 29088
[LOG] SystemI::createSoundInternal             : exinfo->numsubsounds       = 1
[LOG] SystemI::createSoundInternal             : exinfo->inclusionlist      = 000000DC226FF378
[LOG] SystemI::createSoundInternal             : exinfo->inclusionlistnum   = 1
[LOG] SystemI::createSoundInternal             : exinfo->suggestedsoundtype = 5
[LOG] SystemI::createSoundInternal             : exinfo->useropen           = 00007FF885E746D0
[LOG] SystemI::createSoundInternal             : exinfo->userclose          = 00007FF885E746A0
[LOG] SystemI::createSoundInternal             : exinfo->userread           = 00007FF885E747A0
[LOG] SystemI::createSoundInternal             : exinfo->userseek           = 00007FF885E74860
[LOG] SystemI::createSoundInternal             : exinfo->fileuserdata       = 00000250CA0B1268
[LOG] SystemI::createSoundInternal             : exinfo->initialseekpostype = 1
[LOG] SystemI::DSPCodecPoolRegister            : register codec pool for pool type 5
[LOG] SystemI::createSoundInternal             : Sample 0/1: name='Player_Lighter_On_04', format=5, channels=2, frequency=48000, lengthbytes=2496, lengthpcm=17780, pcmblocksize=0, loopstart=0, loopend=0, mode=0x00000000, channelmask=0x00000000, channelorder=0, peakvolume=0.501187.
[LOG] SystemI::createSoundInternal             : Create name='', mode=0x02000202
[LOG] SystemI::createSoundInternal             : exinfo->cbsize             = 224
[LOG] SystemI::createSoundInternal             : exinfo->length             = 308384
[LOG] SystemI::createSoundInternal             : exinfo->fileoffset         = 29088
[LOG] SystemI::createSoundInternal             : exinfo->numsubsounds       = 1
[LOG] SystemI::createSoundInternal             : exinfo->inclusionlist      = 000000DC226FF378
[LOG] SystemI::createSoundInternal             : exinfo->inclusionlistnum   = 1
[LOG] SystemI::createSoundInternal             : exinfo->suggestedsoundtype = 5
[LOG] SystemI::createSoundInternal             : exinfo->useropen           = 00007FF885E746D0
[LOG] SystemI::createSoundInternal             : exinfo->userclose          = 00007FF885E746A0
[LOG] SystemI::createSoundInternal             : exinfo->userread           = 00007FF885E747A0
[LOG] SystemI::createSoundInternal             : exinfo->userseek           = 00007FF885E74860
[LOG] SystemI::createSoundInternal             : exinfo->fileuserdata       = 00000250CA0B1268
[LOG] SystemI::createSoundInternal             : exinfo->initialseekpostype = 1
[LOG] SystemI::DSPCodecPoolRegister            : register codec pool for pool type 5
[LOG] SystemI::createSoundInternal             : Sample 0/1: name='Player_Lighter_On_03', format=5, channels=2, frequency=48000, lengthbytes=2176, lengthpcm=17780, pcmblocksize=0, loopstart=0, loopend=0, mode=0x00000000, channelmask=0x00000000, channelorder=0, peakvolume=0.501187.
[LOG] SystemI::createSoundInternal             : Create name='', mode=0x02000202
[LOG] SystemI::createSoundInternal             : exinfo->cbsize             = 224
[LOG] SystemI::createSoundInternal             : exinfo->length             = 308384
[LOG] SystemI::createSoundInternal             : exinfo->fileoffset         = 29088
[LOG] SystemI::createSoundInternal             : exinfo->numsubsounds       = 1
[LOG] SystemI::createSoundInternal             : exinfo->inclusionlist      = 000000DC226FF378
[LOG] SystemI::createSoundInternal             : exinfo->inclusionlistnum   = 1
[LOG] SystemI::createSoundInternal             : exinfo->suggestedsoundtype = 5
[LOG] SystemI::createSoundInternal             : exinfo->useropen           = 00007FF885E746D0
[LOG] SystemI::createSoundInternal             : exinfo->userclose          = 00007FF885E746A0
[LOG] SystemI::createSoundInternal             : exinfo->userread           = 00007FF885E747A0
[LOG] SystemI::createSoundInternal             : exinfo->userseek           = 00007FF885E74860
[LOG] SystemI::createSoundInternal             : exinfo->fileuserdata       = 00000250CA0B1268
[LOG] SystemI::createSoundInternal             : exinfo->initialseekpostype = 1
[LOG] SystemI::DSPCodecPoolRegister            : register codec pool for pool type 5
[LOG] SystemI::createSoundInternal             : Sample 0/1: name='Player_Lighter_On_00', format=5, channels=2, frequency=48000, lengthbytes=1984, lengthpcm=17780, pcmblocksize=0, loopstart=0, loopend=0, mode=0x00000000, channelmask=0x00000000, channelorder=0, peakvolume=0.501187.
[LOG] SystemI::createSoundInternal             : Create name='', mode=0x02000202
[LOG] SystemI::createSoundInternal             : exinfo->cbsize             = 224
[LOG] SystemI::createSoundInternal             : exinfo->length             = 308384
[LOG] SystemI::createSoundInternal             : exinfo->fileoffset         = 29088
[LOG] SystemI::createSoundInternal             : exinfo->numsubsounds       = 1
[LOG] SystemI::createSoundInternal             : exinfo->inclusionlist      = 000000DC226FF378
[LOG] SystemI::createSoundInternal             : exinfo->inclusionlistnum   = 1
[LOG] SystemI::createSoundInternal             : exinfo->suggestedsoundtype = 5
[LOG] SystemI::createSoundInternal             : exinfo->useropen           = 00007FF885E746D0
[LOG] SystemI::createSoundInternal             : exinfo->userclose          = 00007FF885E746A0
[LOG] SystemI::createSoundInternal             : exinfo->userread           = 00007FF885E747A0
[LOG] SystemI::createSoundInternal             : exinfo->userseek           = 00007FF885E74860
[LOG] SystemI::createSoundInternal             : exinfo->fileuserdata       = 00000250CA0B1268
[LOG] SystemI::createSoundInternal             : exinfo->initialseekpostype = 1
[LOG] SystemI::DSPCodecPoolRegister            : register codec pool for pool type 5
[LOG] SystemI::createSoundInternal             : Sample 0/1: name='Player_Lighter_On_05', format=5, channels=2, frequency=48000, lengthbytes=3200, lengthpcm=17780, pcmblocksize=0, loopstart=0, loopend=0, mode=0x00000000, channelmask=0x00000000, channelorder=0, peakvolume=0.382901.
[LOG] SystemI::createSoundInternal             : Create name='', mode=0x02000202
[LOG] SystemI::createSoundInternal             : exinfo->cbsize             = 224
[LOG] SystemI::createSoundInternal             : exinfo->length             = 308384
[LOG] SystemI::createSoundInternal             : exinfo->fileoffset         = 29088
[LOG] SystemI::createSoundInternal             : exinfo->numsubsounds       = 1
[LOG] SystemI::createSoundInternal             : exinfo->inclusionlist      = 000000DC226FF378
[LOG] SystemI::createSoundInternal             : exinfo->inclusionlistnum   = 1
[LOG] SystemI::createSoundInternal             : exinfo->suggestedsoundtype = 5
[LOG] SystemI::createSoundInternal             : exinfo->useropen           = 00007FF885E746D0
[LOG] SystemI::createSoundInternal             : exinfo->userclose          = 00007FF885E746A0
[LOG] SystemI::createSoundInternal             : exinfo->userread           = 00007FF885E747A0
[LOG] SystemI::createSoundInternal             : exinfo->userseek           = 00007FF885E74860
[LOG] SystemI::createSoundInternal             : exinfo->fileuserdata       = 00000250CA0B1268
[LOG] SystemI::createSoundInternal             : exinfo->initialseekpostype = 1
[LOG] SystemI::DSPCodecPoolRegister            : register codec pool for pool type 5
[LOG] SystemI::createSoundInternal             : Sample 0/1: name='Player_Lighter_On_01', format=5, channels=2, frequency=48000, lengthbytes=3008, lengthpcm=17780, pcmblocksize=0, loopstart=0, loopend=0, mode=0x00000000, channelmask=0x00000000, channelorder=0, peakvolume=0.469022.
[LOG] SystemI::createSoundInternal             : Create name='', mode=0x02000202
[LOG] SystemI::createSoundInternal             : exinfo->cbsize             = 224
[LOG] SystemI::createSoundInternal             : exinfo->length             = 308384
[LOG] SystemI::createSoundInternal             : exinfo->fileoffset         = 29088
[LOG] SystemI::createSoundInternal             : exinfo->numsubsounds       = 1
[LOG] SystemI::createSoundInternal             : exinfo->inclusionlist      = 000000DC226FF378
[LOG] SystemI::createSoundInternal             : exinfo->inclusionlistnum   = 1
[LOG] SystemI::createSoundInternal             : exinfo->suggestedsoundtype = 5
[LOG] SystemI::createSoundInternal             : exinfo->useropen           = 00007FF885E746D0
[LOG] SystemI::createSoundInternal             : exinfo->userclose          = 00007FF885E746A0
[LOG] SystemI::createSoundInternal             : exinfo->userread           = 00007FF885E747A0
[LOG] SystemI::createSoundInternal             : exinfo->userseek           = 00007FF885E74860
[LOG] SystemI::createSoundInternal             : exinfo->fileuserdata       = 00000250CA0B1268
[LOG] SystemI::createSoundInternal             : exinfo->initialseekpostype = 1
[LOG] SystemI::DSPCodecPoolRegister            : register codec pool for pool type 5
[LOG] SystemI::createSoundInternal             : Sample 0/1: name='Player_Lighter_On_06', format=5, channels=2, frequency=48000, lengthbytes=4672, lengthpcm=17780, pcmblocksize=0, loopstart=0, loopend=0, mode=0x00000000, channelmask=0x00000000, channelorder=0, peakvolume=0.354459.
[LOG] SystemI::createSoundInternal             : Create name='', mode=0x02000202
[LOG] SystemI::createSoundInternal             : exinfo->cbsize             = 224
[LOG] SystemI::createSoundInternal             : exinfo->length             = 308384
[LOG] SystemI::createSoundInternal             : exinfo->fileoffset         = 29088
[LOG] SystemI::createSoundInternal             : exinfo->numsubsounds       = 1
[LOG] SystemI::createSoundInternal             : exinfo->inclusionlist      = 000000DC226FF378
[LOG] SystemI::createSoundInternal             : exinfo->inclusionlistnum   = 1
[LOG] SystemI::createSoundInternal             : exinfo->suggestedsoundtype = 5
[LOG] SystemI::createSoundInternal             : exinfo->useropen           = 00007FF885E746D0
[LOG] SystemI::createSoundInternal             : exinfo->userclose          = 00007FF885E746A0
[LOG] SystemI::createSoundInternal             : exinfo->userread           = 00007FF885E747A0
[LOG] SystemI::createSoundInternal             : exinfo->userseek           = 00007FF885E74860
[LOG] SystemI::createSoundInternal             : exinfo->fileuserdata       = 00000250CA0B1268
[LOG] SystemI::createSoundInternal             : exinfo->initialseekpostype = 1
[LOG] SystemI::DSPCodecPoolRegister            : register codec pool for pool type 5
[LOG] SystemI::createSoundInternal             : Sample 0/1: name='Player_Lighter_On_07', format=5, channels=2, frequency=48000, lengthbytes=2976, lengthpcm=17780, pcmblocksize=0, loopstart=0, loopend=0, mode=0x00000000, channelmask=0x00000000, channelorder=0, peakvolume=0.352858.
[LOG] SystemI::createSoundInternal             : Create name='', mode=0x02000202
[LOG] SystemI::createSoundInternal             : exinfo->cbsize             = 224
[LOG] SystemI::createSoundInternal             : exinfo->length             = 308384
[LOG] SystemI::createSoundInternal             : exinfo->fileoffset         = 29088
[LOG] SystemI::createSoundInternal             : exinfo->numsubsounds       = 1
[LOG] SystemI::createSoundInternal             : exinfo->inclusionlist      = 000000DC226FF378
[LOG] SystemI::createSoundInternal             : exinfo->inclusionlistnum   = 1
[LOG] SystemI::createSoundInternal             : exinfo->suggestedsoundtype = 5
[LOG] SystemI::createSoundInternal             : exinfo->useropen           = 00007FF885E746D0
[LOG] SystemI::createSoundInternal             : exinfo->userclose          = 00007FF885E746A0
[LOG] SystemI::createSoundInternal             : exinfo->userread           = 00007FF885E747A0
[LOG] SystemI::createSoundInternal             : exinfo->userseek           = 00007FF885E74860
[LOG] SystemI::createSoundInternal             : exinfo->fileuserdata       = 00000250CA0B1268
[LOG] SystemI::createSoundInternal             : exinfo->initialseekpostype = 1
[LOG] SystemI::DSPCodecPoolRegister            : register codec pool for pool type 5
[LOG] SystemI::createSoundInternal             : Sample 0/1: name='Player_Lighter_On_08', format=5, channels=2, frequency=48000, lengthbytes=4096, lengthpcm=17780, pcmblocksize=0, loopstart=0, loopend=0, mode=0x00000000, channelmask=0x00000000, channelorder=0, peakvolume=0.356639.
[LOG] SystemI::createSoundInternal             : Create name='', mode=0x02000202
[LOG] SystemI::createSoundInternal             : exinfo->cbsize             = 224
[LOG] SystemI::createSoundInternal             : exinfo->length             = 308384
[LOG] SystemI::createSoundInternal             : exinfo->fileoffset         = 29088
[LOG] SystemI::createSoundInternal             : exinfo->numsubsounds       = 1
[LOG] SystemI::createSoundInternal             : exinfo->inclusionlist      = 000000DC226FF378
[LOG] SystemI::createSoundInternal             : exinfo->inclusionlistnum   = 1
[LOG] SystemI::createSoundInternal             : exinfo->suggestedsoundtype = 5
[LOG] SystemI::createSoundInternal             : exinfo->useropen           = 00007FF885E746D0
[LOG] SystemI::createSoundInternal             : exinfo->userclose          = 00007FF885E746A0
[LOG] SystemI::createSoundInternal             : exinfo->userread           = 00007FF885E747A0
[LOG] SystemI::createSoundInternal             : exinfo->userseek           = 00007FF885E74860
[LOG] SystemI::createSoundInternal             : exinfo->fileuserdata       = 00000250CA0B7358
[LOG] SystemI::createSoundInternal             : exinfo->initialseekpostype = 1
[LOG] SystemI::DSPCodecPoolRegister            : register codec pool for pool type 5
[LOG] SystemI::createSoundInternal             : Sample 0/1: name='Player_Lighter_Off_3', format=5, channels=2, frequency=48000, lengthbytes=3072, lengthpcm=13128, pcmblocksize=0, loopstart=0, loopend=0, mode=0x00000000, channelmask=0x00000000, channelorder=0, peakvolume=0.230491.
[LOG] SystemI::createSoundInternal             : Create name='', mode=0x02000202
[LOG] SystemI::createSoundInternal             : exinfo->cbsize             = 224
[LOG] SystemI::createSoundInternal             : exinfo->length             = 308384
[LOG] SystemI::createSoundInternal             : exinfo->fileoffset         = 29088
[LOG] SystemI::createSoundInternal             : exinfo->numsubsounds       = 1
[LOG] SystemI::createSoundInternal             : exinfo->inclusionlist      = 000000DC226FF378
[LOG] SystemI::createSoundInternal             : exinfo->inclusionlistnum   = 1
[LOG] SystemI::createSoundInternal             : exinfo->suggestedsoundtype = 5
[LOG] SystemI::createSoundInternal             : exinfo->useropen           = 00007FF885E746D0
[LOG] SystemI::createSoundInternal             : exinfo->userclose          = 00007FF885E746A0
[LOG] SystemI::createSoundInternal             : exinfo->userread           = 00007FF885E747A0
[LOG] SystemI::createSoundInternal             : exinfo->userseek           = 00007FF885E74860
[LOG] SystemI::createSoundInternal             : exinfo->fileuserdata       = 00000250CA0B7358
[LOG] SystemI::createSoundInternal             : exinfo->initialseekpostype = 1
[LOG] SystemI::DSPCodecPoolRegister            : register codec pool for pool type 5
[LOG] SystemI::createSoundInternal             : Sample 0/1: name='Player_Lighter_Off_2', format=5, channels=2, frequency=48000, lengthbytes=3264, lengthpcm=13128, pcmblocksize=0, loopstart=0, loopend=0, mode=0x00000000, channelmask=0x00000000, channelorder=0, peakvolume=0.311706.
[LOG] SystemI::createSoundInternal             : Create name='', mode=0x02000202
[LOG] SystemI::createSoundInternal             : exinfo->cbsize             = 224
[LOG] SystemI::createSoundInternal             : exinfo->length             = 308384
[LOG] SystemI::createSoundInternal             : exinfo->fileoffset         = 29088
[LOG] SystemI::createSoundInternal             : exinfo->numsubsounds       = 1
[LOG] SystemI::createSoundInternal             : exinfo->inclusionlist      = 000000DC226FF378
[LOG] SystemI::createSoundInternal             : exinfo->inclusionlistnum   = 1
[LOG] SystemI::createSoundInternal             : exinfo->suggestedsoundtype = 5
[LOG] SystemI::createSoundInternal             : exinfo->useropen           = 00007FF885E746D0
[LOG] SystemI::createSoundInternal             : exinfo->userclose          = 00007FF885E746A0
[LOG] SystemI::createSoundInternal             : exinfo->userread           = 00007FF885E747A0
[LOG] SystemI::createSoundInternal             : exinfo->userseek           = 00007FF885E74860
[LOG] SystemI::createSoundInternal             : exinfo->fileuserdata       = 00000250CA0B7358
[LOG] SystemI::createSoundInternal             : exinfo->initialseekpostype = 1
[LOG] SystemI::DSPCodecPoolRegister            : register codec pool for pool type 5
[LOG] SystemI::createSoundInternal             : Sample 0/1: name='Player_Lighter_Off_1', format=5, channels=2, frequency=48000, lengthbytes=3040, lengthpcm=13128, pcmblocksize=0, loopstart=0, loopend=0, mode=0x00000000, channelmask=0x00000000, channelorder=0, peakvolume=0.269373.
[LOG] SystemI::createSound                     : filename = Fmod Audio/Build/Desktop/Ambience.bank : mode 02010082
[LOG] SystemI::createSound                     : FMOD_NONBLOCKING specified.  Putting into queue to be opened asynchronously!
[LOG] SystemI::createSound                     : setdata soundi = 0000025087D1CE08 : node = 0000024E422C2DA0
[LOG] SystemI::createSound                     : add node to async list : head = 0000024FCAE5EA48.  list count = 0
[LOG] AsyncThread::threadFunc                  : Starting Asynchronous operation on sound 0000025087D1CE08
[LOG] SystemI::createSoundInternal             :     Create name='Fmod Audio/Build/Desktop/Ambience.bank', mode=0x02010082
[LOG] SystemI::createSoundInternal             :     exinfo->cbsize             = 224
[LOG] SystemI::createSoundInternal             :     exinfo->length             = 4671744
[LOG] SystemI::createSoundInternal             :     exinfo->fileoffset         = 8000
[LOG] SystemI::createSoundInternal             :     exinfo->numsubsounds       = 1
[LOG] SystemI::createSoundInternal             :     exinfo->inclusionlist      = 0000024E422C2EB0
[LOG] SystemI::createSoundInternal             :     exinfo->inclusionlistnum   = 1
[LOG] SystemI::createSoundInternal             :     exinfo->suggestedsoundtype = 5
[LOG] SystemI::createSoundInternal             :     exinfo->initialseekpostype = 1
[LOG] SystemI::createSoundInternal             :     Stream 0/1: name='GrnShipyardsStormThunderE', format=5, channels=2, frequency=48000, lengthbytes=169312, lengthpcm=635643, pcmblocksize=0, loopstart=0, loopend=0, mode=0x00000000, channelmask=0x00000000, channelorder=0, peakvolume=0.916473.
[LOG] AsyncThread::threadFunc                  : Finished Asynchronous operation on sound 0000025087D1CE08
[LOG] SoundI::release                          :  (00000250016BD7C8)
[LOG] SoundI::release                          :     Player_Lighter_On_05 (0000025001C27268)
[LOG] SoundI::release                          :  (00000250016BBF58)
[LOG] SoundI::release                          :     Player_Lighter_On_06 (0000025001C2C208)
[LOG] SoundI::release                          :  (00000250016BB6B8)
[LOG] SoundI::release                          :     Player_Lighter_On_07 (0000025001C270C8)
[LOG] SoundI::release                          :  (00000250016BB998)
[LOG] SoundI::release                          :     Player_Lighter_On_08 (0000025001C2B9E8)
[LOG] SoundI::release                          :  (00000250016BB548)
[LOG] SoundI::release                          :     Player_Lighter_On_00 (0000025001C2AB48)
[LOG] SoundI::release                          :  (00000250016BB828)
[LOG] SoundI::release                          :     Player_Lighter_On_01 (0000025001C26708)
[LOG] SoundI::release                          :  (00000250016BA9C8)
[LOG] SoundI::release                          :     Player_Lighter_On_02 (0000025001C29488)
[LOG] SoundI::release                          :  (00000250016BEEC8)
[LOG] SoundI::release                          :     Player_Lighter_On_03 (0000025001C2A808)
[LOG] SoundI::release                          :  (00000250016C0008)
[LOG] SoundI::release                          :     Player_Lighter_On_04 (0000025001C2A9A8)
[LOG] SoundI::release                          :  (0000025087A21C48)
[LOG] SoundI::release                          :     Player_Lighter_LOOP_2 (0000024FFD7431F8)
[LOG] SoundI::release                          :  (0000025087A262B8)
[LOG] SoundI::release                          :     Player_Lighter_LOOP_1 (0000024FFD73FDF8)
[LOG] SoundI::release                          : GrnShipyardsStormThunderE (0000025087D1CE08)
[LOG] SoundI::release                          :     GrnShipyardsStormThunderE (0000025001C2A328)
[LOG] SoundI::release                          :     GrnShipyardsStormThunderE (0000025087D1C8F8)
[LOG] SoundI::release                          : Snarling & Breathing 03 (0000025087D236A8)
[LOG] SoundI::release                          :     Snarling & Breathing 03 (0000024FFD740138)
[LOG] SoundI::release                          :     Snarling & Breathing 03 (0000025087D29A38)
[LOG] SoundI::release                          : SO_NAT-WindTunnel (0000025087D29018)
[LOG] SoundI::release                          :     SO_NAT-WindTunnel (0000024FFD73F5D8)
[LOG] SoundI::release                          :     SO_NAT-WindTunnel (0000025087D28298)
[LOG] SoundI::release                          : Wind Low Rumble (0000025087D28CB8)
[LOG] SoundI::release                          :     Wind Low Rumble (0000024FFD73FF98)
[LOG] SoundI::release                          :     Wind Low Rumble (0000025087D29528)
[LOG] SoundI::release                          : WEATHER-RAIN10-HVY-THUNDER (0000025087D29BE8)
[LOG] SoundI::release                          :     WEATHER-RAIN10-HVY-THUNDER (0000024FFD7429D8)
[LOG] SoundI::release                          :     WEATHER-RAIN10-HVY-THUNDER (0000025087D27A28)
[LOG] SoundI::release                          : ES_Rain Light 7 - SFX Producer (0000025087D23198)
[LOG] SoundI::release                          :     ES_Rain Light 7 - SFX Producer (0000024FFD73D3B8)
[LOG] SoundI::release                          :     ES_Rain Light 7 - SFX Producer (0000025087D29888)
[LOG] SoundI::release                          : 04. Rain, On Metal Roof, Weather (0000025087D22FE8)
[LOG] SoundI::release                          :     04. Rain, On Metal Roof, Weather (0000024FFD742358)
[LOG] SoundI::release                          :     04. Rain, On Metal Roof, Weather (0000025087D29D98)
[LOG] SoundI::release                          : Wood Creaks & Bends (0000025087D22418)
[LOG] SoundI::release                          :     Wood Creaks & Bends (0000024FFD73FAB8)
[LOG] SoundI::release                          :     Wood Creaks & Bends (0000025087D29378)
[LOG] SoundI::release                          :  (00000250016BC518)
[LOG] SoundI::release                          :     Monster_Footstep_2_1 (0000024FFD740958)
[LOG] SoundI::release                          :  (00000250016BE798)
[LOG] SoundI::release                          :     Monster_Footstep_2_2 (0000024FFD744BF8)
[LOG] SoundI::release                          :  (00000250016BCDB8)
[LOG] SoundI::release                          :     Monster_Footstep_2_3 (0000025001C2B508)
[LOG] SoundI::release                          :  (00000250016BE348)
[LOG] SoundI::release                          :     Monster_Footstep_2_4 (0000024FFD744238)
[LOG] SoundI::release                          :  (00000250016BB3D8)
[LOG] SoundI::release                          :     Monster_Footstep_2_5 (0000024FFD743BB8)
[LOG] SoundI::release                          :  (00000250016BC238)
[LOG] SoundI::release                          :     Monster_Footstep_2_6 (0000024FFD740C98)
[LOG] SoundI::release                          :  (00000250016BF768)
[LOG] SoundI::release                          :     Monster_Footstep_1_1 (0000025001C278E8)
[LOG] SoundI::release                          :  (00000250016BED58)
[LOG] SoundI::release                          :     Monster_Footstep_1_2 (0000024FFD7448B8)
[LOG] SoundI::release                          :  (00000250016BC688)
[LOG] SoundI::release                          :     Monster_Footstep_1_3 (0000024FFD743A18)
[LOG] SoundI::release                          :  (00000250016BC3A8)
[LOG] SoundI::release                          :     Monster_Footstep_1_4 (0000024FFD744098)
[LOG] SoundI::release                          :  (00000250016BCAD8)
[LOG] SoundI::release                          :     Monster_Footstep_1_5 (0000024FFD743878)
[LOG] SoundI::release                          :  (00000250016BFBB8)
[LOG] SoundI::release                          :     Monster_Footstep_1_6 (0000025001C28448)
[LOG] SoundI::release                          :  (00000250016BE628)
[LOG] SoundI::release                          :     Player_Lighter_Off_1 (0000025001C292E8)
[LOG] SoundI::release                          :  (00000250016BF1A8)
[LOG] SoundI::release                          :     Player_Lighter_Off_2 (0000025001C28FA8)
[LOG] SoundI::release                          :  (00000250016BCC48)
[LOG] SoundI::release                          :     Player_Lighter_Off_3 (0000025001C2B848)
[LOG] SoundI::release                          :  (0000025087A27C98)
[LOG] SoundI::release                          :     Player_Footsteps_Cloth_00 (0000024FFD73D078)
[LOG] SoundI::release                          :  (0000025087A1E888)
[LOG] SoundI::release                          :     Player_Footsteps_Cloth_01 (0000024FFD741998)
[LOG] SoundI::release                          :  (0000025087A28818)
[LOG] SoundI::release                          :     Player_Footsteps_Cloth_02 (0000024FFD740478)
[LOG] SoundI::release                          :  (0000025087A258A8)
[LOG] SoundI::release                          :     Player_Footsteps_Cloth_03 (0000024FFD73DF18)
[LOG] SoundI::release                          :  (0000025087A21968)
[LOG] SoundI::release                          :     Player_Footsteps_Cloth_04 (0000024FFD741B38)
[LOG] SoundI::release                          :  (0000025087A24318)
[LOG] SoundI::release                          :     Player_Footsteps_Cloth_05 (0000024FFD743058)
[LOG] SoundI::release                          :  (0000025087A1B1E8)
[LOG] SoundI::release                          :     Player_Footsteps_01 (0000024FFD741658)
[LOG] SoundI::release                          :  (0000025087A29228)
[LOG] SoundI::release                          :     Player_Footsteps_02 (0000024FFD73F778)
[LOG] SoundI::release                          :  (0000025087A21DB8)
[LOG] SoundI::release                          :     Player_Footsteps_03 (0000024FFD7424F8)
[LOG] SoundI::release                          :  (0000025087A23EC8)
[LOG] SoundI::release                          :     Player_Footsteps_04 (0000024FFD7421B8)
[LOG] SoundI::release                          :  (0000025087A25E68)
[LOG] SoundI::release                          :     Player_Footsteps_05 (0000024FFD73DA38)
[LOG] SoundI::release                          :  (0000025087A1D748)
[LOG] SoundI::release                          :     Player_Footsteps_Creaks_00 (0000024FFD73F438)
[LOG] SoundI::release                          :  (0000025087A25FD8)
[LOG] SoundI::release                          :     Player_Footsteps_Creaks_01 (0000024FFD740FD8)
[LOG] SoundI::release                          :  (0000025087A21F28)
[LOG] SoundI::release                          :     Player_Footsteps_Creaks_02 (0000024FFD7436D8)
[LOG] SoundI::release                          :  (0000025087A26B58)
[LOG] SoundI::release                          :     Player_Footsteps_Creaks_03 (0000024FFD743538)
[LOG] SoundI::release                          :  (0000025087A1C1B8)
[LOG] SoundI::release                          :     Player_Footsteps_Creaks_04 (0000024FFD741178)
[LOG] SoundI::release                          :  (0000025087A26428)
[LOG] SoundI::release                          :     Player_Footsteps_Creaks_05 (0000024FFD742EB8)
[LOG] Thread::callback                         : FMOD Studio update thread finished.
[LOG] Thread::callback                         : FMOD Studio bank load thread finished.
[LOG] Profile::disconnectAll                   : Profiler disconnecting all clients
[LOG] Thread::callback                         : FMOD Studio sample load thread finished.
[LOG] LiveUpdate::release                      : 
[LOG] LiveUpdate::reset                        : Reset connection (reason Disconnected)
[LOG] Thread::callback                         : FMOD stream thread finished.
[LOG] Thread::callback                         : FMOD mixer thread finished.
[LOG] Profile::disconnectAll                   : Profiler disconnecting all clients
[LOG] SystemI::close                           : Closed.
[LOG] Thread::callback                         : FMOD Studio bank load thread finished.
[LOG] Thread::callback                         : FMOD Studio sample load thread finished.
[LOG] LiveUpdate::release                      : 
[LOG] LiveUpdate::reset                        : Reset connection (reason Disconnected)
[LOG] Thread::callback                         : FMOD stream thread finished.
[LOG] Thread::callback                         : FMOD mixer thread finished.
[LOG] SystemI::close                           : Closed.
[LOG] Thread::callback                         : FMOD nonblocking thread (0) finished.
[LOG] Thread::callback                         : FMOD file thread finished.
